[2019-11-11 07:33:56.341789]: Submitted Relaxation Au 111 CO with pk: 1947
[2019-11-11 07:33:57.094098]: Submitted Relaxation Au 111 COOH with pk: 1960
[2019-11-11 07:35:35.772298]: Submitted Relaxation Cu 111 CO with pk: 2094
[2019-11-11 07:35:36.440882]: Submitted Relaxation Cu 111 COOH with pk: 2108
[2019-11-11 07:35:46.074373]: Submitted Relaxation Pt 111 CO with pk: 2199
[2019-11-11 07:35:46.873544]: Submitted Relaxation Pt 111 COOH with pk: 2218
[2019-11-11 07:35:58.843551]: Submitted Relaxation Pd 111 CO with pk: 2284
[2019-11-11 07:35:59.540224]: Submitted Relaxation Pd 111 COOH with pk: 2299
Deleted calculations becuase the beta was too high
[2019-11-11 19:04:27.491047]: Submitted Relaxation Au 111 CO with pk: 2715
[2019-11-11 19:04:28.181393]: Submitted Relaxation Au 111 COOH with pk: 2728
[2019-11-11 19:04:55.770299]: Submitted Relaxation Pt 111 CO with pk: 2863
[2019-11-11 19:04:56.445760]: Submitted Relaxation Pt 111 COOH with pk: 2876
[2019-11-11 19:05:05.104684]: Submitted Relaxation Cu 111 CO with pk: 2962
[2019-11-11 19:05:05.806272]: Submitted Relaxation Cu 111 COOH with pk: 2977
[2019-11-11 19:05:13.118138]: Submitted Relaxation Pd 111 CO with pk: 3002
[2019-11-11 19:05:13.776566]: Submitted Relaxation Pd 111 COOH with pk: 3015
[2019-11-23 10:17:06.880493]: Submitted Relaxation Au 111 CO with pk: 6738
[2019-11-23 10:17:07.539654]: Submitted Relaxation Au 111 COOH with pk: 6751
[2019-11-23 12:40:54.955137]: Submitted Relaxation Au 111 CO with pk: 6914
[2019-11-23 12:40:55.644722]: Submitted Relaxation Au 111 COOH with pk: 6928
[2019-11-23 12:41:23.991341]: Submitted Relaxation Pt 111 CO with pk: 7050
[2019-11-23 12:41:24.608350]: Submitted Relaxation Pt 111 COOH with pk: 7063
[2019-11-23 12:41:35.717824]: Submitted Relaxation Cu 111 CO with pk: 7171
[2019-11-23 12:41:36.454411]: Submitted Relaxation Cu 111 COOH with pk: 7186
[2019-11-23 12:41:45.720655]: Submitted Relaxation Pd 111 CO with pk: 7256
[2019-11-23 12:41:46.559948]: Submitted Relaxation Pd 111 COOH with pk: 7274
[2019-11-23 12:41:57.830020]: Submitted Relaxation Au 100 CO with pk: 7407
[2019-11-23 12:41:58.590064]: Submitted Relaxation Au 100 COOH with pk: 7423
[2019-11-23 12:42:13.938168]: Submitted Relaxation Cu 100 CO with pk: 7550
[2019-11-23 12:42:14.748564]: Submitted Relaxation Cu 100 COOH with pk: 7565
[2019-11-23 12:42:22.466446]: Submitted Relaxation Pt 100 CO with pk: 7636
[2019-11-23 12:42:23.258146]: Submitted Relaxation Pt 100 COOH with pk: 7649
[2019-11-23 12:42:29.523100]: Submitted Relaxation Pd 100 CO with pk: 7719
[2019-11-23 12:42:30.201025]: Submitted Relaxation Pd 100 COOH with pk: 7739
[2019-11-24 09:04:31.042680]: Submitted Relaxation Au 111 CO with pk: 8278
[2019-11-24 09:04:31.783807]: Submitted Relaxation Au 111 COOH with pk: 8292
Pymatgen doesnt use 1x1 cell, deleting last two nodes
[2019-11-24 09:11:19.507771]: Submitted Relaxation Au 111 CO with pk: 8425
[2019-11-24 09:11:20.264502]: Submitted Relaxation Au 111 COOH with pk: 8439
[2019-11-24 09:15:21.836483]: Submitted Relaxation Au 111 CO with pk: 8570
[2019-11-24 09:15:22.554978]: Submitted Relaxation Au 111 COOH with pk: 8583
[2019-11-24 09:18:25.875870]: Submitted Relaxation Au 111 CO with pk: 8720
[2019-11-24 09:18:26.665084]: Submitted Relaxation Au 111 COOH with pk: 8734
[2019-11-24 09:22:51.994788]: Submitted Relaxation Au 111 CO with pk: 8865
[2019-11-24 09:22:52.721405]: Submitted Relaxation Au 111 COOH with pk: 8879
[2019-11-24 09:25:01.132659]: Submitted Relaxation Au 111 CO with pk: 9010
[2019-11-24 09:25:01.785112]: Submitted Relaxation Au 111 COOH with pk: 9023
[2019-11-24 09:28:56.212323]: Submitted Relaxation Pt 111 CO with pk: 9160
[2019-11-24 09:28:56.946795]: Submitted Relaxation Pt 111 COOH with pk: 9174
[2019-11-24 09:29:08.333698]: Submitted Relaxation Cu 111 CO with pk: 9286
[2019-11-24 09:29:09.449893]: Submitted Relaxation Cu 111 COOH with pk: 9305
[2019-11-24 09:29:16.316565]: Submitted Relaxation Pd 111 CO with pk: 9377
[2019-11-24 09:29:17.249050]: Submitted Relaxation Pd 111 COOH with pk: 9402
[2019-11-24 09:32:36.886007]: Submitted Relaxation Au 100 CO with pk: 9595
[2019-11-24 09:32:37.650425]: Submitted Relaxation Au 100 COOH with pk: 9609
[2019-11-24 09:32:59.446061]: Submitted Relaxation Cu 100 CO with pk: 9717
[2019-11-24 09:33:00.183132]: Submitted Relaxation Cu 100 COOH with pk: 9731
[2019-11-24 09:33:07.535510]: Submitted Relaxation Pt 100 CO with pk: 9813
[2019-11-24 09:33:08.740483]: Submitted Relaxation Pt 100 COOH with pk: 9826
[2019-11-24 09:33:16.488280]: Submitted Relaxation Pd 100 CO with pk: 9916
[2019-11-24 09:33:17.319924]: Submitted Relaxation Pd 100 COOH with pk: 9929
[2019-11-24 15:48:59.822552]: Submitted Relaxation Au 111 CO with pk: 10368
[2019-11-24 15:49:00.569677]: Submitted Relaxation Au 111 COOH with pk: 10382
[2019-11-24 15:50:06.953562]: Submitted Relaxation Cu 111 CO with pk: 10517
[2019-11-24 15:50:07.695592]: Submitted Relaxation Cu 111 COOH with pk: 10531
[2019-11-24 15:50:19.901927]: Submitted Relaxation Pt 111 CO with pk: 10644
[2019-11-24 15:50:20.704381]: Submitted Relaxation Pt 111 COOH with pk: 10660
[2019-11-24 15:50:32.309547]: Submitted Relaxation Pd 111 CO with pk: 10763
[2019-11-24 15:50:33.051689]: Submitted Relaxation Pd 111 COOH with pk: 10783
[2019-11-24 15:51:39.398867]: Submitted Relaxation Au 100 CO with pk: 10954
[2019-11-24 15:51:40.133463]: Submitted Relaxation Au 100 COOH with pk: 10968
[2019-11-24 15:51:51.674878]: Submitted Relaxation Cu 100 CO with pk: 11060
[2019-11-24 15:51:52.631873]: Submitted Relaxation Cu 100 COOH with pk: 11082
[2019-11-24 15:51:59.542761]: Submitted Relaxation Pt 100 CO with pk: 11126
[2019-11-24 15:52:00.227578]: Submitted Relaxation Pt 100 COOH with pk: 11140
[2019-11-24 15:52:11.212919]: Submitted Relaxation Pd 100 CO with pk: 11257
[2019-11-24 15:52:12.093032]: Submitted Relaxation Pd 100 COOH with pk: 11276
[2019-11-24 15:54:39.707897]: Submitted Relaxation Au 211 CO with pk: 11449
[2019-11-24 15:54:40.446337]: Submitted Relaxation Au 211 COOH with pk: 11463
[2019-11-25 05:11:57.824125]: Submitted Relaxation Cu 211 CO with pk: 11965
[2019-11-25 05:11:58.686110]: Submitted Relaxation Cu 211 COOH with pk: 11978
[2019-11-25 05:16:52.377240]: Submitted Relaxation Pt 211 CO with pk: 12288
[2019-11-25 05:16:53.186169]: Submitted Relaxation Pt 211 COOH with pk: 12302
[2019-11-25 05:17:01.660206]: Submitted Relaxation Pd 211 CO with pk: 12409
[2019-11-25 05:17:02.534916]: Submitted Relaxation Pd 211 COOH with pk: 12434
